<?xml version="1.0" encoding="UTF-8"?>
<!-- Generated by org.testng.reporters.JUnitXMLReporter -->
<testsuite ignored="0" hostname="DESKTOP-BSE0LTD" failures="0" tests="4" name="Default test" time="14.948" errors="0" timestamp="04 Oct 2021 07:54:21 GMT">
  <testcase classname="com.Testng.Adactin.TestNg_Demo_Runner" name="launch_Url" time="5.289"/>
  <testcase classname="com.Testng.Adactin.TestNg_Demo_Runner" name="password" time="0.583"/>
  <testcase classname="com.Testng.Adactin.TestNg_Demo_Runner" name="username" time="0.388"/>
  <testcase classname="com.Testng.Adactin.TestNg_Demo_Runner" name="login" time="3.274"/>
</testsuite> <!-- Default test -->
