<?xml version="1.0" encoding="UTF-8"?>
<testsuite xmlns:xsi="http://www.w3.org/2001/XMLSchema-instance" xsi:noNamespaceSchemaLocation="https://maven.apache.org/surefire/maven-surefire-plugin/xsd/surefire-test-report.xsd" name="com.Runner.Test_Runner" time="0.132" tests="1" errors="1" skipped="0" failures="0">
  <properties>
[...]
</properties>
  <testcase name="initializationError" classname="com.Runner.Test_Runner" time="0.022">
    <error message="org/openqa/selenium/WebDriver" type="java.lang.NoClassDefFoundError">java.lang.NoClassDefFoundError: org/openqa/selenium/WebDriver
Caused by: java.lang.ClassNotFoundException: org.openqa.selenium.WebDriver
</error>
  </testcase>
</testsuite>